生成启动时间为 2013/8/18 9:39:36。
     1>项目“D:\WorkSpace\C++\win_socket_client\win_socket_client.vcxproj”在节点 2 上(build 个目标)。
     1>InitializeBuildStatus:
         正在创建“Debug\win_socket_client.unsuccessfulbuild”，因为已指定“AlwaysCreate”。
       ClCompile:
         D:\Program Files\Microsoft Visual Studio 10.0\VC\bin\CL.exe /c /ZI /nologo /W3 /WX- /Od /Oy- /D WIN32 /D _DEBUG /D _CONSOLE /D _UNICODE /D UNICODE /Gm /EHsc /RTC1 /MDd /GS /fp:precise /Zc:wchar_t /Zc:forScope /Fo"Debug\\" /Fd"Debug\vc100.pdb" /Gd /TP /analyze- /errorReport:prompt win_socket_client.cpp
         win_socket_client.cpp
       ManifestResourceCompile:
         所有输出均为最新。
       Link:
         D:\Program Files\Microsoft Visual Studio 10.0\VC\bin\link.exe /ERRORREPORT:PROMPT /OUT:"D:\WorkSpace\C++\win_socket_client\Debug\win_socket_client.exe" /INCREMENTAL /NOLOGO kernel32.lib user32.lib gdi32.lib winspool.lib comdlg32.lib advapi32.lib shell32.lib ole32.lib oleaut32.lib uuid.lib odbc32.lib odbccp32.lib /MANIFEST /ManifestFile:"Debug\win_socket_client.exe.intermediate.manifest" /MANIFESTUAC:"level='asInvoker' uiAccess='false'" /DEBUG /PDB:"D:\WorkSpace\C++\win_socket_client\Debug\win_socket_client.pdb" /SUBSYSTEM:CONSOLE /TLBID:1 /DYNAMICBASE /NXCOMPAT /IMPLIB:"D:\WorkSpace\C++\win_socket_client\Debug\win_socket_client.lib" /MACHINE:X86 Debug\win_socket_client.exe.embed.manifest.res
         Debug\win_socket_client.obj
       Manifest:
         C:\Program Files (x86)\Microsoft SDKs\Windows\v7.0A\bin\mt.exe /nologo /verbose /out:"Debug\win_socket_client.exe.embed.manifest" /manifest Debug\win_socket_client.exe.intermediate.manifest
         所有输出均为最新。
       LinkEmbedManifest:
         所有输出均为最新。
         win_socket_client.vcxproj -> D:\WorkSpace\C++\win_socket_client\Debug\win_socket_client.exe
       FinalizeBuildStatus:
         正在删除文件“Debug\win_socket_client.unsuccessfulbuild”。
         正在对“Debug\win_socket_client.lastbuildstate”执行 Touch 任务。
     1>已完成生成项目“D:\WorkSpace\C++\win_socket_client\win_socket_client.vcxproj”(build 个目标)的操作。

生成成功。

已用时间 00:00:01.23
